  Sample.cpp
c:\users\osprey6\onedrive\documents\fall 2016\cs 550\project 1\sample.cpp(324): warning C4244: 'initializing': conversion from 'double' to 'float', possible loss of data
c:\users\osprey6\onedrive\documents\fall 2016\cs 550\project 1\sample.cpp(325): warning C4244: 'initializing': conversion from 'double' to 'float', possible loss of data
c:\users\osprey6\onedrive\documents\fall 2016\cs 550\project 1\sample.cpp(326): warning C4244: 'initializing': conversion from 'double' to 'float', possible loss of data
c:\users\osprey6\onedrive\documents\fall 2016\cs 550\project 1\sample.cpp(329): warning C4244: 'initializing': conversion from 'double' to 'float', possible loss of data
c:\users\osprey6\onedrive\documents\fall 2016\cs 550\project 1\sample.cpp(330): warning C4244: 'initializing': conversion from 'double' to 'float', possible loss of data
c:\users\osprey6\onedrive\documents\fall 2016\cs 550\project 1\sample.cpp(331): warning C4244: 'initializing': conversion from 'double' to 'float', possible loss of data
c:\users\osprey6\onedrive\documents\fall 2016\cs 550\project 1\sample.cpp(339): warning C4244: '=': conversion from 'double' to 'float', possible loss of data
c:\users\osprey6\onedrive\documents\fall 2016\cs 550\project 1\sample.cpp(340): warning C4244: '=': conversion from 'double' to 'float', possible loss of data
c:\users\osprey6\onedrive\documents\fall 2016\cs 550\project 1\sample.cpp(527): warning C4554: '&': check operator precedence for possible error; use parentheses to clarify precedence
c:\users\osprey6\onedrive\documents\fall 2016\cs 550\project 1\sample.cpp(529): warning C4305: '-=': truncation from 'double' to 'float'
c:\users\osprey6\onedrive\documents\fall 2016\cs 550\project 1\sample.cpp(539): warning C4554: '&': check operator precedence for possible error; use parentheses to clarify precedence
c:\users\osprey6\onedrive\documents\fall 2016\cs 550\project 1\sample.cpp(541): warning C4305: '+=': truncation from 'double' to 'float'
c:\users\osprey6\onedrive\documents\fall 2016\cs 550\project 1\sample.cpp(664): warning C4305: 'argument': truncation from 'double' to 'float'
c:\users\osprey6\onedrive\documents\fall 2016\cs 550\project 1\sample.cpp(678): warning C4244: 'argument': conversion from 'double' to 'GLfloat', possible loss of data
c:\users\osprey6\onedrive\documents\fall 2016\cs 550\project 1\sample.cpp(686): warning C4244: 'argument': conversion from 'double' to 'GLfloat', possible loss of data
c:\users\osprey6\onedrive\documents\fall 2016\cs 550\project 1\sample.cpp(707): warning C4305: 'argument': truncation from 'double' to 'GLfloat'
c:\users\osprey6\onedrive\documents\fall 2016\cs 550\project 1\sample.cpp(716): warning C4305: 'argument': truncation from 'double' to 'GLfloat'
c:\users\osprey6\onedrive\documents\fall 2016\cs 550\project 1\sample.cpp(735): warning C4305: 'argument': truncation from 'double' to 'GLfloat'
c:\users\osprey6\onedrive\documents\fall 2016\cs 550\project 1\sample.cpp(1053): warning C4305: 'initializing': truncation from 'double' to 'float'
c:\users\osprey6\onedrive\documents\fall 2016\cs 550\project 1\sample.cpp(1085): warning C4305: 'argument': truncation from 'double' to 'float'
c:\users\osprey6\onedrive\documents\fall 2016\cs 550\project 1\sample.cpp(1483): warning C4244: 'initializing': conversion from 'double' to 'float', possible loss of data
  Project 4.vcxproj -> C:\Users\Osprey6\OneDrive\Documents\Fall 2016\CS 550\Project 4\Debug\Project 4.exe
  Project 4.vcxproj -> C:\Users\Osprey6\OneDrive\Documents\Fall 2016\CS 550\Project 4\Debug\Project 4.pdb (Partial PDB)
